Using pre-set license
Built from '2021.3/staging' branch; Version is '2021.3.5f1 (40eb3a945986) revision 4254522'; Using compiler version '192829333'; Build Type 'Release'
OS: 'Windows 10  (10.0.19044) 64bit Core' Language: 'sv' Physical Memory: 16325 MB
BatchMode: 1, IsHumanControllingUs: 0, StartBugReporterOnCrash: 0, Is64bit: 1, IsPro: 1

COMMAND LINE ARGUMENTS:
D:\Program Files (x86)\Unity editor\2021.3.5f1\Editor\Unity.exe
-adb2
-batchMode
-noUpm
-name
AssetImportWorker0
-projectPath
D:/Program Files (x86)/GithubReposotories/Gyaras/My project
-logFile
Logs/AssetImportWorker0.log
-srvPort
51735
Successfully changed project path to: D:/Program Files (x86)/GithubReposotories/Gyaras/My project
D:/Program Files (x86)/GithubReposotories/Gyaras/My project
[UnityMemory] Configuration Parameters - Can be set up in boot.config
    "memorysetup-bucket-allocator-granularity=16"
    "memorysetup-bucket-allocator-bucket-count=8"
    "memorysetup-bucket-allocator-block-size=33554432"
    "memorysetup-bucket-allocator-block-count=8"
    "memorysetup-main-allocator-block-size=16777216"
    "memorysetup-thread-allocator-block-size=16777216"
    "memorysetup-gfx-main-allocator-block-size=16777216"
    "memorysetup-gfx-thread-allocator-block-size=16777216"
    "memorysetup-cache-allocator-block-size=4194304"
    "memorysetup-typetree-allocator-block-size=2097152"
    "memorysetup-profiler-bucket-allocator-granularity=16"
    "memorysetup-profiler-bucket-allocator-bucket-count=8"
    "memorysetup-profiler-bucket-allocator-block-size=33554432"
    "memorysetup-profiler-bucket-allocator-block-count=8"
    "memorysetup-profiler-allocator-block-size=16777216"
    "memorysetup-profiler-editor-allocator-block-size=1048576"
    "memorysetup-temp-allocator-size-main=16777216"
    "memorysetup-job-temp-allocator-block-size=2097152"
    "memorysetup-job-temp-allocator-block-size-background=1048576"
    "memorysetup-job-temp-allocator-reduction-small-platforms=262144"
    "memorysetup-temp-allocator-size-background-worker=32768"
    "memorysetup-temp-allocator-size-job-worker=262144"
    "memorysetup-temp-allocator-size-preload-manager=33554432"
    "memorysetup-temp-allocator-size-nav-mesh-worker=65536"
    "memorysetup-temp-allocator-size-audio-worker=65536"
    "memorysetup-temp-allocator-size-cloud-worker=32768"
    "memorysetup-temp-allocator-size-gi-baking-worker=262144"
    "memorysetup-temp-allocator-size-gfx=262144"
Refreshing native plugins compatible for Editor in 126.60 ms, found 4 plugins.
Preloading 0 native plugins for Editor in 0.00 ms.
Initialize engine version: 2021.3.5f1 (40eb3a945986)
[Subsystems] Discovering subsystems at path D:/Program Files (x86)/Unity editor/2021.3.5f1/Editor/Data/Resources/UnitySubsystems
[Subsystems] Discovering subsystems at path D:/Program Files (x86)/GithubReposotories/Gyaras/My project/Assets
GfxDevice: creating device client; threaded=0; jobified=0
Direct3D:
    Version:  Direct3D 11.0 [level 11.0]
    Renderer: NVIDIA GeForce GTX 750 Ti (ID=0x1380)
    Vendor:   NVIDIA
    VRAM:     2007 MB
    Driver:   30.0.15.1215
Initialize mono
Mono path[0] = 'D:/Program Files (x86)/Unity editor/2021.3.5f1/Editor/Data/Managed'
Mono path[1] = 'D:/Program Files (x86)/Unity editor/2021.3.5f1/Editor/Data/MonoBleedingEdge/lib/mono/unityjit-win32'
Mono config path = 'D:/Program Files (x86)/Unity editor/2021.3.5f1/Editor/Data/MonoBleedingEdge/etc'
Using monoOptions --debugger-agent=transport=dt_socket,embedding=1,server=y,suspend=n,address=127.0.0.1:56400
Begin MonoManager ReloadAssembly
Registering precompiled unity dll's ...
Register platform support module: D:/Program Files (x86)/Unity editor/2021.3.5f1/Editor/Data/PlaybackEngines/WindowsStandaloneSupport/UnityEditor.WindowsStandalone.Extensions.dll
Registered in 0.003018 seconds.
Native extension for WindowsStandalone target not found
Refreshing native plugins compatible for Editor in 123.10 ms, found 4 plugins.
Preloading 0 native plugins for Editor in 0.00 ms.
Mono: successfully reloaded assembly
- Completed reload, in  1.013 seconds
Domain Reload Profiling:
	ReloadAssembly (1013ms)
		BeginReloadAssembly (104ms)
			ExecutionOrderSort (0ms)
			DisableScriptedObjects (0ms)
			BackupInstance (0ms)
			ReleaseScriptingObjects (0ms)
			CreateAndSetChildDomain (1ms)
		EndReloadAssembly (764ms)
			LoadAssemblies (103ms)
			RebuildTransferFunctionScriptingTraits (0ms)
			SetupTypeCache (178ms)
			ReleaseScriptCaches (0ms)
			RebuildScriptCaches (46ms)
			SetupLoadedEditorAssemblies (477ms)
				LogAssemblyErrors (0ms)
				InitializePlatformSupportModulesInManaged (14ms)
				SetLoadedEditorAssemblies (0ms)
				RefreshPlugins (123ms)
				BeforeProcessingInitializeOnLoad (1ms)
				ProcessInitializeOnLoadAttributes (262ms)
				ProcessInitializeOnLoadMethodAttributes (75ms)
				AfterProcessingInitializeOnLoad (0ms)
				EditorAssembliesLoaded (0ms)
			ExecutionOrderSort2 (0ms)
			AwakeInstancesAfterBackupRestoration (0ms)
Platform modules already initialized, skipping
Registering precompiled user dll's ...
Registered in 0.005196 seconds.
Begin MonoManager ReloadAssembly
Symbol file LoadedFromMemory doesn't match image D:\Program Files (x86)\GithubReposotories\Gyaras\My project\Library\PackageCache\com.unity.visualscripting@1.7.8\Editor\VisualScripting.Core\Dependencies\YamlDotNet\Unity.VisualScripting.YamlDotNet.dll
Symbol file LoadedFromMemory doesn't match image D:\Program Files (x86)\GithubReposotories\Gyaras\My project\Library\PackageCache\com.unity.visualscripting@1.7.8\Editor\VisualScripting.Core\Dependencies\DotNetZip\Unity.VisualScripting.IonicZip.dll
Native extension for WindowsStandalone target not found
Refreshing native plugins compatible for Editor in 122.27 ms, found 4 plugins.
Preloading 0 native plugins for Editor in 0.00 ms.
Mono: successfully reloaded assembly
- Completed reload, in  1.856 seconds
Domain Reload Profiling:
	ReloadAssembly (1858ms)
		BeginReloadAssembly (151ms)
			ExecutionOrderSort (0ms)
			DisableScriptedObjects (9ms)
			BackupInstance (0ms)
			ReleaseScriptingObjects (0ms)
			CreateAndSetChildDomain (27ms)
		EndReloadAssembly (1556ms)
			LoadAssemblies (111ms)
			RebuildTransferFunctionScriptingTraits (0ms)
			SetupTypeCache (459ms)
			ReleaseScriptCaches (1ms)
			RebuildScriptCaches (131ms)
			SetupLoadedEditorAssemblies (759ms)
				LogAssemblyErrors (0ms)
				InitializePlatformSupportModulesInManaged (4ms)
				SetLoadedEditorAssemblies (0ms)
				RefreshPlugins (122ms)
				BeforeProcessingInitializeOnLoad (145ms)
				ProcessInitializeOnLoadAttributes (420ms)
				ProcessInitializeOnLoadMethodAttributes (64ms)
				AfterProcessingInitializeOnLoad (3ms)
				EditorAssembliesLoaded (0ms)
			ExecutionOrderSort2 (0ms)
			AwakeInstancesAfterBackupRestoration (9ms)
Platform modules already initialized, skipping
========================================================================
Worker process is ready to serve import requests
Launched and connected shader compiler UnityShaderCompiler.exe after 0.10 seconds
Refreshing native plugins compatible for Editor in 1.64 ms, found 4 plugins.
Preloading 0 native plugins for Editor in 0.00 ms.
Unloading 4058 Unused Serialized files (Serialized files now loaded: 0)
Unloading 44 unused Assets / (222.5 KB). Loaded Objects now: 4507.
Memory consumption went from 150.9 MB to 150.7 MB.
Total: 3.537300 ms (FindLiveObjects: 0.387000 ms CreateObjectMapping: 0.183600 ms MarkObjects: 2.797400 ms  DeleteObjects: 0.168300 ms)

AssetImportParameters requested are different than current active one (requested -> active):
  custom:video-decoder-ogg-theora: a1e56fd34408186e4bbccfd4996cb3dc -> 
  custom:container-muxer-webm: aa71ff27fc2769a1b78a27578f13a17b -> 
  custom:container-demuxer-webm: 4f35f7cbe854078d1ac9338744f61a02 -> 
  custom:video-encoder-webm-vp8: eb34c28f22e8b96e1ab97ce403110664 -> 
  custom:audio-encoder-webm-vorbis: bf7c407c2cedff20999df2af8eb42d56 -> 
  custom:framework-win-MediaFoundation: 216162199b28c13a410421893ffa2e32 -> 
  custom:container-demuxer-ogg: 62fdf1f143b41e24485cea50d1cbac27 -> 
  custom:video-decoder-webm-vp8: 9c59270c3fd7afecdb556c50c9e8de78 -> 
  custom:audio-decoder-ogg-vorbis: bf7c407c2cedff20999df2af8eb42d56 -> 
========================================================================
Received Import Request.
  Time since last request: 21720.120924 seconds.
  path: Assets/Placeholder graphics
  artifactKey: Guid(3aab7749e2673490db8524ce8a5fda0d) Importer(815301076,1909f56bfc062723c751e8b465ee728b)
Start importing Assets/Placeholder graphics using Guid(3aab7749e2673490db8524ce8a5fda0d) Importer(815301076,1909f56bfc062723c751e8b465ee728b)  -> (artifact id: '19b1f333103d48c473d53010510f1443') in 0.009885 seconds 
========================================================================
Received Import Request.
  Time since last request: 0.000031 seconds.
  path: Assets/Placeholder graphics/ground test tileset.psd
  artifactKey: Guid(042d47c424f4e4b0eb6bca1eea6ac1a0) Importer(815301076,1909f56bfc062723c751e8b465ee728b)
Start importing Assets/Placeholder graphics/ground test tileset.psd using Guid(042d47c424f4e4b0eb6bca1eea6ac1a0) Importer(815301076,1909f56bfc062723c751e8b465ee728b)  -> (artifact id: '5b950d1451e75cfe2048946f83dad15e') in 0.711281 seconds 
========================================================================
Received Import Request.
  Time since last request: 0.000029 seconds.
  path: Assets/Placeholder graphics/tst, side1.png
  artifactKey: Guid(0d8f6d0ab6b154798a18047f021b6def) Importer(815301076,1909f56bfc062723c751e8b465ee728b)
Start importing Assets/Placeholder graphics/tst, side1.png using Guid(0d8f6d0ab6b154798a18047f021b6def) Importer(815301076,1909f56bfc062723c751e8b465ee728b)  -> (artifact id: '14e3cfce7b3c162197b6affcb02ba83a') in 0.066745 seconds 
========================================================================
Received Import Request.
  Time since last request: 0.000033 seconds.
  path: Assets/Placeholder graphics/New Palette.prefab
  artifactKey: Guid(fd9d77068c23f412c965d5345c741a5f) Importer(815301076,1909f56bfc062723c751e8b465ee728b)
Start importing Assets/Placeholder graphics/New Palette.prefab using Guid(fd9d77068c23f412c965d5345c741a5f) Importer(815301076,1909f56bfc062723c751e8b465ee728b)  -> (artifact id: '499b03bb82177a759a7e0055aab88e28') in 0.378075 seconds 
========================================================================
Received Import Request.
  Time since last request: 0.000039 seconds.
  path: Assets/Placeholder graphics/the holy pixel.png
  artifactKey: Guid(264f2af3bd58545b7a9ca5da88c456c7) Importer(815301076,1909f56bfc062723c751e8b465ee728b)
Start importing Assets/Placeholder graphics/the holy pixel.png using Guid(264f2af3bd58545b7a9ca5da88c456c7) Importer(815301076,1909f56bfc062723c751e8b465ee728b)  -> (artifact id: '564be3a93b66784920d76d46a6f6c7be') in 0.014146 seconds 
========================================================================
Received Import Request.
  Time since last request: 0.000025 seconds.
  path: Assets/Placeholder graphics/test, front.psd
  artifactKey: Guid(32e7b2d724fa344ef8b6485b8217e75f) Importer(815301076,1909f56bfc062723c751e8b465ee728b)
Start importing Assets/Placeholder graphics/test, front.psd using Guid(32e7b2d724fa344ef8b6485b8217e75f) Importer(815301076,1909f56bfc062723c751e8b465ee728b)  -> (artifact id: '74ce1628d51aae53d5cda5cfb2a817c0') in 0.012681 seconds 
========================================================================
Received Import Request.
  Time since last request: 0.000034 seconds.
  path: Assets/Placeholder graphics/test, back.png
  artifactKey: Guid(1715c5777daa74ae79882e014fc45247) Importer(815301076,1909f56bfc062723c751e8b465ee728b)
Start importing Assets/Placeholder graphics/test, back.png using Guid(1715c5777daa74ae79882e014fc45247) Importer(815301076,1909f56bfc062723c751e8b465ee728b)  -> (artifact id: '60f077c0751caf0f62839f0c2c7f0c97') in 0.014986 seconds 
========================================================================
Received Import Request.
  Time since last request: 0.000018 seconds.
  path: Assets/Placeholder graphics/test, side.png
  artifactKey: Guid(1f8de0ac85ab4446c8fd6c132ccd5664) Importer(815301076,1909f56bfc062723c751e8b465ee728b)
Start importing Assets/Placeholder graphics/test, side.png using Guid(1f8de0ac85ab4446c8fd6c132ccd5664) Importer(815301076,1909f56bfc062723c751e8b465ee728b)  -> (artifact id: 'f8c7409c7d301f0f6b9533926ebb61a4') in 0.027335 seconds 
========================================================================
Received Import Request.
  Time since last request: 0.000028 seconds.
  path: Assets/Placeholder graphics/ground test tileset_55.asset
  artifactKey: Guid(dc65599943c8e4ed8b0757422e418b1b) Importer(815301076,1909f56bfc062723c751e8b465ee728b)
Start importing Assets/Placeholder graphics/ground test tileset_55.asset using Guid(dc65599943c8e4ed8b0757422e418b1b) Importer(815301076,1909f56bfc062723c751e8b465ee728b)  -> (artifact id: '3da73f91d182d099d940bc91d74ffe0a') in 0.030272 seconds 
========================================================================
Received Import Request.
  Time since last request: 0.000163 seconds.
  path: Assets/Placeholder graphics/test, front.png
  artifactKey: Guid(abee93f8b741c40e3bc5ec226f348759) Importer(815301076,1909f56bfc062723c751e8b465ee728b)
Start importing Assets/Placeholder graphics/test, front.png using Guid(abee93f8b741c40e3bc5ec226f348759) Importer(815301076,1909f56bfc062723c751e8b465ee728b)  -> (artifact id: '8bb3e2c00864d72ec7a209c78ec81f4b') in 0.015295 seconds 
========================================================================
Received Import Request.
  Time since last request: 93.037903 seconds.
  path: Assets/Placeholder graphics/test, front.png
  artifactKey: Guid(abee93f8b741c40e3bc5ec226f348759) Importer(815301076,1909f56bfc062723c751e8b465ee728b)
Start importing Assets/Placeholder graphics/test, front.png using Guid(abee93f8b741c40e3bc5ec226f348759) Importer(815301076,1909f56bfc062723c751e8b465ee728b)  -> (artifact id: '89c3ebe937107700b4b8e05309c62ea7') in 0.047511 seconds 
========================================================================
Received Prepare
Registering precompiled user dll's ...
Registered in 0.004809 seconds.
Begin MonoManager ReloadAssembly
Symbol file LoadedFromMemory doesn't match image D:\Program Files (x86)\GithubReposotories\Gyaras\My project\Library\PackageCache\com.unity.visualscripting@1.7.8\Editor\VisualScripting.Core\Dependencies\YamlDotNet\Unity.VisualScripting.YamlDotNet.dll
Symbol file LoadedFromMemory doesn't match image D:\Program Files (x86)\GithubReposotories\Gyaras\My project\Library\PackageCache\com.unity.visualscripting@1.7.8\Editor\VisualScripting.Core\Dependencies\DotNetZip\Unity.VisualScripting.IonicZip.dll
Native extension for WindowsStandalone target not found
Refreshing native plugins compatible for Editor in 1.06 ms, found 4 plugins.
Preloading 0 native plugins for Editor in 0.00 ms.
Mono: successfully reloaded assembly
- Completed reload, in  1.841 seconds
Domain Reload Profiling:
	ReloadAssembly (1842ms)
		BeginReloadAssembly (320ms)
			ExecutionOrderSort (0ms)
			DisableScriptedObjects (14ms)
			BackupInstance (0ms)
			ReleaseScriptingObjects (0ms)
			CreateAndSetChildDomain (83ms)
		EndReloadAssembly (1344ms)
			LoadAssemblies (221ms)
			RebuildTransferFunctionScriptingTraits (0ms)
			SetupTypeCache (426ms)
			ReleaseScriptCaches (2ms)
			RebuildScriptCaches (87ms)
			SetupLoadedEditorAssemblies (623ms)
				LogAssemblyErrors (0ms)
				InitializePlatformSupportModulesInManaged (25ms)
				SetLoadedEditorAssemblies (1ms)
				RefreshPlugins (1ms)
				BeforeProcessingInitializeOnLoad (120ms)
				ProcessInitializeOnLoadAttributes (402ms)
				ProcessInitializeOnLoadMethodAttributes (68ms)
				AfterProcessingInitializeOnLoad (6ms)
				EditorAssembliesLoaded (1ms)
			ExecutionOrderSort2 (0ms)
			AwakeInstancesAfterBackupRestoration (13ms)
Platform modules already initialized, skipping
Refreshing native plugins compatible for Editor in 3.14 ms, found 4 plugins.
Preloading 0 native plugins for Editor in 0.00 ms.
Unloading 4053 Unused Serialized files (Serialized files now loaded: 0)
Unloading 31 unused Assets / (189.8 KB). Loaded Objects now: 4524.
Memory consumption went from 155.3 MB to 155.1 MB.
Total: 4.801400 ms (FindLiveObjects: 0.794800 ms CreateObjectMapping: 0.430500 ms MarkObjects: 3.418400 ms  DeleteObjects: 0.156600 ms)

AssetImportParameters requested are different than current active one (requested -> active):
  custom:video-decoder-ogg-theora: a1e56fd34408186e4bbccfd4996cb3dc -> 
  custom:container-muxer-webm: aa71ff27fc2769a1b78a27578f13a17b -> 
  custom:container-demuxer-webm: 4f35f7cbe854078d1ac9338744f61a02 -> 
  custom:video-encoder-webm-vp8: eb34c28f22e8b96e1ab97ce403110664 -> 
  custom:audio-encoder-webm-vorbis: bf7c407c2cedff20999df2af8eb42d56 -> 
  custom:framework-win-MediaFoundation: 216162199b28c13a410421893ffa2e32 -> 
  custom:container-demuxer-ogg: 62fdf1f143b41e24485cea50d1cbac27 -> 
  custom:video-decoder-webm-vp8: 9c59270c3fd7afecdb556c50c9e8de78 -> 
  custom:audio-decoder-ogg-vorbis: bf7c407c2cedff20999df2af8eb42d56 -> 
