Using pre-set license
Built from '2021.3/staging' branch; Version is '2021.3.5f1 (40eb3a945986) revision 4254522'; Using compiler version '192829333'; Build Type 'Release'
OS: 'Windows 10  (10.0.19044) 64bit Core' Language: 'sv' Physical Memory: 16325 MB
BatchMode: 1, IsHumanControllingUs: 0, StartBugReporterOnCrash: 0, Is64bit: 1, IsPro: 1

COMMAND LINE ARGUMENTS:
D:\Program Files (x86)\Unity editor\2021.3.5f1\Editor\Unity.exe
-adb2
-batchMode
-noUpm
-name
AssetImportWorker0
-projectPath
D:/Program Files (x86)/GithubReposotories/Gyaras/My project
-logFile
Logs/AssetImportWorker0.log
-srvPort
57917
Successfully changed project path to: D:/Program Files (x86)/GithubReposotories/Gyaras/My project
D:/Program Files (x86)/GithubReposotories/Gyaras/My project
[UnityMemory] Configuration Parameters - Can be set up in boot.config
    "memorysetup-bucket-allocator-granularity=16"
    "memorysetup-bucket-allocator-bucket-count=8"
    "memorysetup-bucket-allocator-block-size=33554432"
    "memorysetup-bucket-allocator-block-count=8"
    "memorysetup-main-allocator-block-size=16777216"
    "memorysetup-thread-allocator-block-size=16777216"
    "memorysetup-gfx-main-allocator-block-size=16777216"
    "memorysetup-gfx-thread-allocator-block-size=16777216"
    "memorysetup-cache-allocator-block-size=4194304"
    "memorysetup-typetree-allocator-block-size=2097152"
    "memorysetup-profiler-bucket-allocator-granularity=16"
    "memorysetup-profiler-bucket-allocator-bucket-count=8"
    "memorysetup-profiler-bucket-allocator-block-size=33554432"
    "memorysetup-profiler-bucket-allocator-block-count=8"
    "memorysetup-profiler-allocator-block-size=16777216"
    "memorysetup-profiler-editor-allocator-block-size=1048576"
    "memorysetup-temp-allocator-size-main=16777216"
    "memorysetup-job-temp-allocator-block-size=2097152"
    "memorysetup-job-temp-allocator-block-size-background=1048576"
    "memorysetup-job-temp-allocator-reduction-small-platforms=262144"
    "memorysetup-temp-allocator-size-background-worker=32768"
    "memorysetup-temp-allocator-size-job-worker=262144"
    "memorysetup-temp-allocator-size-preload-manager=33554432"
    "memorysetup-temp-allocator-size-nav-mesh-worker=65536"
    "memorysetup-temp-allocator-size-audio-worker=65536"
    "memorysetup-temp-allocator-size-cloud-worker=32768"
    "memorysetup-temp-allocator-size-gi-baking-worker=262144"
    "memorysetup-temp-allocator-size-gfx=262144"
Refreshing native plugins compatible for Editor in 98.18 ms, found 4 plugins.
Preloading 0 native plugins for Editor in 0.00 ms.
Initialize engine version: 2021.3.5f1 (40eb3a945986)
[Subsystems] Discovering subsystems at path D:/Program Files (x86)/Unity editor/2021.3.5f1/Editor/Data/Resources/UnitySubsystems
[Subsystems] Discovering subsystems at path D:/Program Files (x86)/GithubReposotories/Gyaras/My project/Assets
GfxDevice: creating device client; threaded=0; jobified=0
Direct3D:
    Version:  Direct3D 11.0 [level 11.0]
    Renderer: NVIDIA GeForce GTX 750 Ti (ID=0x1380)
    Vendor:   NVIDIA
    VRAM:     2007 MB
    Driver:   30.0.15.1215
Initialize mono
Mono path[0] = 'D:/Program Files (x86)/Unity editor/2021.3.5f1/Editor/Data/Managed'
Mono path[1] = 'D:/Program Files (x86)/Unity editor/2021.3.5f1/Editor/Data/MonoBleedingEdge/lib/mono/unityjit-win32'
Mono config path = 'D:/Program Files (x86)/Unity editor/2021.3.5f1/Editor/Data/MonoBleedingEdge/etc'
Using monoOptions --debugger-agent=transport=dt_socket,embedding=1,server=y,suspend=n,address=127.0.0.1:56424
Begin MonoManager ReloadAssembly
Registering precompiled unity dll's ...
Register platform support module: D:/Program Files (x86)/Unity editor/2021.3.5f1/Editor/Data/PlaybackEngines/WindowsStandaloneSupport/UnityEditor.WindowsStandalone.Extensions.dll
Registered in 0.002825 seconds.
Native extension for WindowsStandalone target not found
Refreshing native plugins compatible for Editor in 99.36 ms, found 4 plugins.
Preloading 0 native plugins for Editor in 0.00 ms.
Mono: successfully reloaded assembly
- Completed reload, in  0.705 seconds
Domain Reload Profiling:
	ReloadAssembly (706ms)
		BeginReloadAssembly (82ms)
			ExecutionOrderSort (0ms)
			DisableScriptedObjects (0ms)
			BackupInstance (0ms)
			ReleaseScriptingObjects (0ms)
			CreateAndSetChildDomain (1ms)
		EndReloadAssembly (510ms)
			LoadAssemblies (80ms)
			RebuildTransferFunctionScriptingTraits (0ms)
			SetupTypeCache (124ms)
			ReleaseScriptCaches (0ms)
			RebuildScriptCaches (33ms)
			SetupLoadedEditorAssemblies (304ms)
				LogAssemblyErrors (0ms)
				InitializePlatformSupportModulesInManaged (7ms)
				SetLoadedEditorAssemblies (0ms)
				RefreshPlugins (99ms)
				BeforeProcessingInitializeOnLoad (1ms)
				ProcessInitializeOnLoadAttributes (148ms)
				ProcessInitializeOnLoadMethodAttributes (48ms)
				AfterProcessingInitializeOnLoad (0ms)
				EditorAssembliesLoaded (0ms)
			ExecutionOrderSort2 (0ms)
			AwakeInstancesAfterBackupRestoration (0ms)
Platform modules already initialized, skipping
Registering precompiled user dll's ...
Registered in 0.005158 seconds.
Begin MonoManager ReloadAssembly
Symbol file LoadedFromMemory doesn't match image D:\Program Files (x86)\GithubReposotories\Gyaras\My project\Library\PackageCache\com.unity.visualscripting@1.7.8\Editor\VisualScripting.Core\Dependencies\YamlDotNet\Unity.VisualScripting.YamlDotNet.dll
Symbol file LoadedFromMemory doesn't match image D:\Program Files (x86)\GithubReposotories\Gyaras\My project\Library\PackageCache\com.unity.visualscripting@1.7.8\Editor\VisualScripting.Core\Dependencies\DotNetZip\Unity.VisualScripting.IonicZip.dll
Native extension for WindowsStandalone target not found
Refreshing native plugins compatible for Editor in 92.24 ms, found 4 plugins.
Preloading 0 native plugins for Editor in 0.00 ms.
Mono: successfully reloaded assembly
- Completed reload, in  1.187 seconds
Domain Reload Profiling:
	ReloadAssembly (1188ms)
		BeginReloadAssembly (109ms)
			ExecutionOrderSort (0ms)
			DisableScriptedObjects (6ms)
			BackupInstance (0ms)
			ReleaseScriptingObjects (0ms)
			CreateAndSetChildDomain (21ms)
		EndReloadAssembly (963ms)
			LoadAssemblies (78ms)
			RebuildTransferFunctionScriptingTraits (0ms)
			SetupTypeCache (274ms)
			ReleaseScriptCaches (1ms)
			RebuildScriptCaches (60ms)
			SetupLoadedEditorAssemblies (498ms)
				LogAssemblyErrors (0ms)
				InitializePlatformSupportModulesInManaged (4ms)
				SetLoadedEditorAssemblies (0ms)
				RefreshPlugins (92ms)
				BeforeProcessingInitializeOnLoad (96ms)
				ProcessInitializeOnLoadAttributes (256ms)
				ProcessInitializeOnLoadMethodAttributes (46ms)
				AfterProcessingInitializeOnLoad (3ms)
				EditorAssembliesLoaded (0ms)
			ExecutionOrderSort2 (0ms)
			AwakeInstancesAfterBackupRestoration (6ms)
Platform modules already initialized, skipping
========================================================================
Worker process is ready to serve import requests
Launched and connected shader compiler UnityShaderCompiler.exe after 0.04 seconds
Refreshing native plugins compatible for Editor in 0.95 ms, found 4 plugins.
Preloading 0 native plugins for Editor in 0.00 ms.
Unloading 4058 Unused Serialized files (Serialized files now loaded: 0)
Unloading 44 unused Assets / (222.7 KB). Loaded Objects now: 4507.
Memory consumption went from 150.9 MB to 150.7 MB.
Total: 4.134300 ms (FindLiveObjects: 0.369900 ms CreateObjectMapping: 0.178300 ms MarkObjects: 3.416900 ms  DeleteObjects: 0.168100 ms)

AssetImportParameters requested are different than current active one (requested -> active):
  custom:video-decoder-ogg-theora: a1e56fd34408186e4bbccfd4996cb3dc -> 
  custom:container-muxer-webm: aa71ff27fc2769a1b78a27578f13a17b -> 
  custom:container-demuxer-webm: 4f35f7cbe854078d1ac9338744f61a02 -> 
  custom:video-encoder-webm-vp8: eb34c28f22e8b96e1ab97ce403110664 -> 
  custom:audio-encoder-webm-vorbis: bf7c407c2cedff20999df2af8eb42d56 -> 
  custom:framework-win-MediaFoundation: 216162199b28c13a410421893ffa2e32 -> 
  custom:container-demuxer-ogg: 62fdf1f143b41e24485cea50d1cbac27 -> 
  custom:video-decoder-webm-vp8: 9c59270c3fd7afecdb556c50c9e8de78 -> 
  custom:audio-decoder-ogg-vorbis: bf7c407c2cedff20999df2af8eb42d56 -> 
========================================================================
Received Import Request.
  Time since last request: 85629.572243 seconds.
  path: Assets/Scenes/Game.unity
  artifactKey: Guid(2cda990e2423bbf4892e6590ba056729) Importer(815301076,1909f56bfc062723c751e8b465ee728b)
Start importing Assets/Scenes/Game.unity using Guid(2cda990e2423bbf4892e6590ba056729) Importer(815301076,1909f56bfc062723c751e8b465ee728b)  -> (artifact id: '224bd60b8ed9a51c6e1665e3152fae21') in 0.019482 seconds 
========================================================================
Received Import Request.
  Time since last request: 6.773900 seconds.
  path: Assets/Scenes/Peaceful zone.unity
  artifactKey: Guid(2cda990e2423bbf4892e6590ba056729) Importer(815301076,1909f56bfc062723c751e8b465ee728b)
Start importing Assets/Scenes/Peaceful zone.unity using Guid(2cda990e2423bbf4892e6590ba056729) Importer(815301076,1909f56bfc062723c751e8b465ee728b)  -> (artifact id: '426e303ea1a2055eb9d1a1bda5d6cea3') in 0.001181 seconds 
========================================================================
Received Import Request.
  Time since last request: 1.500606 seconds.
  path: Assets/Scenes
  artifactKey: Guid(131a6b21c8605f84396be9f6751fb6e3) Importer(815301076,1909f56bfc062723c751e8b465ee728b)
Start importing Assets/Scenes using Guid(131a6b21c8605f84396be9f6751fb6e3) Importer(815301076,1909f56bfc062723c751e8b465ee728b)  -> (artifact id: '2c23e514d24f6b65fe96946cd87fc526') in 0.002621 seconds 
========================================================================
Received Import Request.
  Time since last request: 19.927999 seconds.
  path: Assets/Scenes/Graveyard.unity
  artifactKey: Guid(084752fc3d3acbc44b13b301dac89473) Importer(815301076,1909f56bfc062723c751e8b465ee728b)
Start importing Assets/Scenes/Graveyard.unity using Guid(084752fc3d3acbc44b13b301dac89473) Importer(815301076,1909f56bfc062723c751e8b465ee728b)  -> (artifact id: '2b2469b137533632e56dca89adcf1f4c') in 0.001394 seconds 
========================================================================
Received Import Request.
  Time since last request: 338.424765 seconds.
  path: Assets/Scenes/Peaceful zone.unity
  artifactKey: Guid(2cda990e2423bbf4892e6590ba056729) Importer(815301076,1909f56bfc062723c751e8b465ee728b)
Start importing Assets/Scenes/Peaceful zone.unity using Guid(2cda990e2423bbf4892e6590ba056729) Importer(815301076,1909f56bfc062723c751e8b465ee728b)  -> (artifact id: '1ef167df8593e65913e180a018fe2654') in 0.001840 seconds 
========================================================================
Received Import Request.
  Time since last request: 11.384123 seconds.
  path: Assets/prefabs/Player.prefab
  artifactKey: Guid(ecd0fed644fa5034cad791037db79bd1) Importer(815301076,1909f56bfc062723c751e8b465ee728b)
Start importing Assets/prefabs/Player.prefab using Guid(ecd0fed644fa5034cad791037db79bd1) Importer(815301076,1909f56bfc062723c751e8b465ee728b)  -> (artifact id: '91400a3f681338754a47b3623c953bed') in 0.154488 seconds 
========================================================================
Received Import Request.
  Time since last request: 39.591963 seconds.
  path: Assets/Placeholder graphics/the holy pixel.png
  artifactKey: Guid(264f2af3bd58545b7a9ca5da88c456c7) Importer(815301076,1909f56bfc062723c751e8b465ee728b)
Start importing Assets/Placeholder graphics/the holy pixel.png using Guid(264f2af3bd58545b7a9ca5da88c456c7) Importer(815301076,1909f56bfc062723c751e8b465ee728b)  -> (artifact id: '617b9e339fb787ce7e6b222b2c171954') in 0.074502 seconds 
========================================================================
Received Import Request.
  Time since last request: 18.625397 seconds.
  path: Assets/Placeholder graphics/test, front.psd
  artifactKey: Guid(32e7b2d724fa344ef8b6485b8217e75f) Importer(815301076,1909f56bfc062723c751e8b465ee728b)
Start importing Assets/Placeholder graphics/test, front.psd using Guid(32e7b2d724fa344ef8b6485b8217e75f) Importer(815301076,1909f56bfc062723c751e8b465ee728b)  -> (artifact id: '43e1fccb6a05195f507d65c81e6b95aa') in 0.016228 seconds 
========================================================================
Received Import Request.
  Time since last request: 28.028359 seconds.
  path: Assets/Scenes/Graveyard.unity
  artifactKey: Guid(084752fc3d3acbc44b13b301dac89473) Importer(815301076,1909f56bfc062723c751e8b465ee728b)
Start importing Assets/Scenes/Graveyard.unity using Guid(084752fc3d3acbc44b13b301dac89473) Importer(815301076,1909f56bfc062723c751e8b465ee728b)  -> (artifact id: '2ba53c7fd60d9582906e55372b614a55') in 0.001475 seconds 
========================================================================
Received Import Request.
  Time since last request: 2.217909 seconds.
  path: Assets/Scripts
  artifactKey: Guid(ac6ef70c3d73d4390aadd7c09cff1a3a) Importer(815301076,1909f56bfc062723c751e8b465ee728b)
Start importing Assets/Scripts using Guid(ac6ef70c3d73d4390aadd7c09cff1a3a) Importer(815301076,1909f56bfc062723c751e8b465ee728b)  -> (artifact id: '35af565050e14387b83a832e9cd762c3') in 0.003229 seconds 
========================================================================
Received Import Request.
  Time since last request: 166.987485 seconds.
  path: Assets/Scenes/Peaceful zone.unity
  artifactKey: Guid(2cda990e2423bbf4892e6590ba056729) Importer(815301076,1909f56bfc062723c751e8b465ee728b)
Start importing Assets/Scenes/Peaceful zone.unity using Guid(2cda990e2423bbf4892e6590ba056729) Importer(815301076,1909f56bfc062723c751e8b465ee728b)  -> (artifact id: '36f256533b97ac3e3cf75cfefee23a58') in 0.002175 seconds 
========================================================================
Received Import Request.
  Time since last request: 1100.431463 seconds.
  path: Assets/Scenes/animations.anim
  artifactKey: Guid(294697e7cf1dd71468a7500b211710c4) Importer(815301076,1909f56bfc062723c751e8b465ee728b)
Start importing Assets/Scenes/animations.anim using Guid(294697e7cf1dd71468a7500b211710c4) Importer(815301076,1909f56bfc062723c751e8b465ee728b)  -> (artifact id: '5238345fcda37d535c29ebdebeaba22a') in 0.004362 seconds 
========================================================================
Received Import Request.
  Time since last request: 3.603800 seconds.
  path: Assets/Scenes/animations.anim
  artifactKey: Guid(294697e7cf1dd71468a7500b211710c4) Importer(815301076,1909f56bfc062723c751e8b465ee728b)
Start importing Assets/Scenes/animations.anim using Guid(294697e7cf1dd71468a7500b211710c4) Importer(815301076,1909f56bfc062723c751e8b465ee728b)  -> (artifact id: '73ed404bb0cfb1cb0cfa636555afd5b2') in 0.002191 seconds 
========================================================================
Received Import Request.
  Time since last request: 5.555487 seconds.
  path: Assets/Scenes/CrossfadeStart.anim
  artifactKey: Guid(260d34480a84a2e40ba144605de724e8) Importer(815301076,1909f56bfc062723c751e8b465ee728b)
Start importing Assets/Scenes/CrossfadeStart.anim using Guid(260d34480a84a2e40ba144605de724e8) Importer(815301076,1909f56bfc062723c751e8b465ee728b)  -> (artifact id: '0a08b287985c43ac3d2e695d101818d5') in 0.002000 seconds 
========================================================================
Received Import Request.
  Time since last request: 2.058245 seconds.
  path: Assets/Scenes/CrossfadeStart.anim
  artifactKey: Guid(260d34480a84a2e40ba144605de724e8) Importer(815301076,1909f56bfc062723c751e8b465ee728b)
Start importing Assets/Scenes/CrossfadeStart.anim using Guid(260d34480a84a2e40ba144605de724e8) Importer(815301076,1909f56bfc062723c751e8b465ee728b)  -> (artifact id: 'dbbf452118a02dc70327aebd42754caa') in 0.003110 seconds 
========================================================================
Received Import Request.
  Time since last request: 22.342308 seconds.
  path: Assets/Scenes/Crossfade.controller
  artifactKey: Guid(bc1a2c47f38ee4a4d9c6a5d39373f51f) Importer(815301076,1909f56bfc062723c751e8b465ee728b)
Start importing Assets/Scenes/Crossfade.controller using Guid(bc1a2c47f38ee4a4d9c6a5d39373f51f) Importer(815301076,1909f56bfc062723c751e8b465ee728b)  -> (artifact id: '2198085f3a094fa0e87bf8e348135632') in 0.005685 seconds 
========================================================================
Received Import Request.
  Time since last request: 23381.087403 seconds.
  path: Assets/Scenes/Crossfade.controller
  artifactKey: Guid(bc1a2c47f38ee4a4d9c6a5d39373f51f) Importer(815301076,1909f56bfc062723c751e8b465ee728b)
Start importing Assets/Scenes/Crossfade.controller using Guid(bc1a2c47f38ee4a4d9c6a5d39373f51f) Importer(815301076,1909f56bfc062723c751e8b465ee728b)  -> (artifact id: '8de7ddc7dab42e9c25a23998de986ff6') in 0.011587 seconds 
